12:29:48,910 ERROR ConnectionHandler - Error connecting to MySql  :
java.sql.SQLException: The url cannot be null
12:33:07,945 ERROR ConnectionHandler - Error connecting to MySql  :
java.sql.SQLException: The url cannot be null
12:34:59,549 ERROR ConnectionHandler - Error connecting to MySql  :
java.sql.SQLException: Access denied for user 'qa.svc'@'10.72.6.118' (using password: YES)
12:36:24,700 ERROR utils.BaseClass - java.lang.NullPointerException
12:36:24,834 ERROR utils.BaseClass - java.lang.NullPointerException
12:36:24,865 ERROR utils.BaseClass - java.lang.NullPointerException
12:40:41,206 ERROR utils.BaseClass - java.lang.NullPointerException
12:50:16,648 ERROR ConnectionHandler - Error connecting to MySql  :
java.sql.SQLException: Access denied for user 'qa.svc'@'10.72.6.118' (using password: YES)
17:43:58,776 ERROR utils.IngestionUtil - java.sql.SQLSyntaxErrorException: You have an error in your SQL syntax; check the manual that corresponds to your MySQL server version for the right syntax to use near ''' at line 1
17:43:59,253 ERROR utils.IngestionUtil - java.sql.SQLSyntaxErrorException: You have an error in your SQL syntax; check the manual that corresponds to your MySQL server version for the right syntax to use near ''' at line 1
17:43:59,441 ERROR utils.IngestionUtil - java.sql.SQLSyntaxErrorException: You have an error in your SQL syntax; check the manual that corresponds to your MySQL server version for the right syntax to use near ''' at line 1
17:51:52,547 ERROR utils.IngestionUtil - java.sql.SQLSyntaxErrorException: You have an error in your SQL syntax; check the manual that corresponds to your MySQL server version for the right syntax to use near ''+ RDSSchemaName + . + tableName +' at line 1
17:51:53,082 ERROR utils.IngestionUtil - java.sql.SQLSyntaxErrorException: You have an error in your SQL syntax; check the manual that corresponds to your MySQL server version for the right syntax to use near ''+ RDSSchemaName + . + tableName +' at line 1
17:51:53,496 ERROR utils.IngestionUtil - java.sql.SQLSyntaxErrorException: You have an error in your SQL syntax; check the manual that corresponds to your MySQL server version for the right syntax to use near ''+ RDSSchemaName + . + tableName +' at line 1
17:54:52,638 ERROR utils.IngestionUtil - java.sql.SQLSyntaxErrorException: Table 'bi_hdp.fact_flight_orders' doesn't exist
18:30:56,032 ERROR utils.IngestionUtil - java.sql.SQLSyntaxErrorException: Table 'bi_hdp.fact_flight_order' doesn't exist
18:30:56,814 ERROR utils.IngestionUtil - java.sql.SQLSyntaxErrorException: Table 'bi_hdp.fact_hotel_order' doesn't exist
